
ROM used:   707/8192 (9%)
            707/8192 (9%) including unused fragments

            0.6 Average locations per line
            4.6 Average locations per statement

RAM used:   8/368 (2%) at main() level
            21/368 (6%) worst case

Stack used: 5 worst case (5 in main + 0 for interrupts)
Stack size: 8

Lines Stmts  %   Files
----- ----- ---  -----
  141    70  45  Pic16f877 ile Step Motor surme.c
  642     0   0  ..\..\..\..\..\Program Files (x86)\PICC\Devices\16f877.h
  456    84  55  ..\..\..\..\..\Program Files (x86)\PICC\Drivers\lcd.c
----- -----
 1239   154 Total

Page ROM  %  RAM    Vol Diff  Functions:
---- --- --- ---    --- ----  ----------
0     21   3    1             @delay_ms1
 Inline         3    596  5.9  lcd_read_byte
0      6   1    0     59  4.2  lcd_read_nibble
0     12   2    1    179  3.3  lcd_send_nibble
0     64   9    3    460  4.7  lcd_send_byte
0     62   9    6    814  7.2  lcd_init
0     18   3    4    208  6.3  lcd_gotoxy
0     44   6    1    354  4.7  lcd_putc
0    253  36    1   2233  7.8  MAIN
0     12   2    0             @goto28299
0     11   2    0             @const633
0     87  12    5             @PSTRINGCN7_615
0     21   3    3             @DIV88
0     53   7    2             @PRINTF_U_615
0     10   1    0             @const642
0     11   2    0             @const643
0     10   1    0             @const644
0      8   1    0             @goto28338
 Inline         0             @cinit1

Program metrics:
    Functions               8
    Statements              154
    Comments                216
    Volume (V)              6966
    Difficulty (D)          41.1
    Effort to implement (E) 286588
    Time to implement (T)   4 hours, 25 minutes
    Est Delivered Bugs (B)  1
    Cyclomatic Complexity   26
    Maintainability (MI)    136

 Segment     Used  Free
-----------  ----  ----
00000-00003     4  0  
00004-007FF   703  1341  
00800-00FFF     0  2048  
01000-017FF     0  2048  
01800-01FFF     0  2048  



